[debug] > Exec(early(addDefaultCommands), None, None)
[debug] > Exec(addDefaultCommands, None, None)
[debug] > Exec(early(initialize), None, None)
[debug] > Exec(initialize, None, None)
[debug] > Exec(early(addPluginSbtFile="""C:\Users\alwai\AppData\Local\Temp\idea1.sbt"""), None, None)
[debug] > Exec(addPluginSbtFile="""C:\Users\alwai\AppData\Local\Temp\idea1.sbt""", None, None)
[debug] > Exec(boot, None, None)
[debug] > Exec(writeSbtVersion, None, None)
[debug] > Exec(reload, None, None)
[debug] > Exec(sbtStashOnFailure, None, None)
[debug] > Exec(onFailure loadFailed, None, None)
[debug] > Exec(loadp, None, None)
[info] welcome to sbt 1.7.1 (JetBrains s.r.o. Java 17.0.9)
[debug]       Load.loadUnit: plugins took 199.1871ms
[debug]       Load.loadUnit: defsScala took 0.8311ms
[debug] [Loading] Scanning directory C:\Users\alwai\.sbt\1.0\plugins
[debug] [Loading] Found non-root projects 
[debug] [Loading] Done in C:\Users\alwai\.sbt\1.0\plugins, returning: ()
[debug] deducing auto plugins based on known facts Set(Atom(sbt.plugins.CorePlugin)) and clauses Clauses(Clause(Atom(sbt.plugins.JvmPlugin),Set(Atom(sbt.plugins.IvyPlugin)))
[debug] Clause(Atom(sbt.ScriptedPlugin),Set(Atom(sbt.plugins.JvmPlugin)))
[debug] Clause(Atom(sbt.plugins.SbtPlugin),Set(Atom(sbt.ScriptedPlugin)))
[debug] Clause(Atom(sbt.plugins.SemanticdbPlugin),Set(Atom(sbt.plugins.JvmPlugin)))
[debug] Clause(Atom(sbt.plugins.JUnitXmlReportPlugin),Set(Atom(sbt.plugins.JvmPlugin)))
[debug] Clause(Atom(sbt.plugins.MiniDependencyTreePlugin),Set(Atom(sbt.plugins.JvmPlugin)))
[debug] Clause(Atom(sbt.plugins.CorePlugin),Set(Atom(sbt.plugins.IvyPlugin)))
[debug] Clause(Atom(sbt.plugins.IvyPlugin),Set(Atom(sbt.plugins.JvmPlugin)))
[debug] Clause(Atom(sbt.plugins.JvmPlugin),Set(Atom(sbt.plugins.SemanticdbPlugin)))
[debug] Clause(Atom(sbt.plugins.JvmPlugin),Set(Atom(sbt.plugins.JUnitXmlReportPlugin)))
[debug] Clause(Atom(sbt.plugins.CorePlugin),Set(Atom(sbt.plugins.Giter8TemplatePlugin)))
[debug] Clause(Atom(sbt.plugins.JvmPlugin),Set(Atom(sbt.plugins.MiniDependencyTreePlugin))))
[debug]   :: deduced result: Matched(sbt.plugins.CorePlugin,sbt.plugins.Giter8TemplatePlugin,sbt.plugins.IvyPlugin,sbt.plugins.JvmPlugin,sbt.plugins.MiniDependencyTreePlugin,sbt.plugins.JUnitXmlReportPlugin,sbt.plugins.SemanticdbPlugin)
[debug] Plugins.deducer#function took 30.5203 ms
[debug]           Load.resolveProject(global-plugins) took 77.2406ms
[debug]         Load.loadTransitive: finalizeProject(Project(id global-plugins, base: C:\Users\alwai\.sbt\1.0\plugins, plugins: List(<none>))) took 138.5271ms
[debug] [Loading] Done in C:\Users\alwai\.sbt\1.0\plugins, returning: (global-plugins)
[debug]       Load.loadUnit: loadedProjectsRaw took 178.6421ms
[debug]       Load.loadUnit: cleanEvalClasses took 0.3312ms
[debug]     Load.loadUnit(file:/C:/Users/alwai/.sbt/1.0/plugins/, ...) took 399.8335ms
[debug]   Load.apply: load took 670.1582ms
[debug]   Load.apply: resolveProjects took 7.9142ms
[debug]   Load.apply: finalTransforms took 79.1057ms
[debug]   Load.apply: config.delegates took 9.1637ms
[debug]   Load.apply: Def.make(settings)... took 523.9773ms
[debug]   Load.apply: structureIndex took 125.2095ms
[debug]   Load.apply: mkStreams took 1.8116ms
[info] loading global plugins from C:\Users\alwai\.sbt\1.0\plugins
[debug] Running task... Cancel: Signal, check cycles: false, forcegc: true
[debug] Load.defaultLoad until apply took 2861.6737ms
[debug]           Load.loadUnit: plugins took 34.1492ms
[debug]           Load.loadUnit: defsScala took 0.0059ms
[debug] [Loading] Scanning directory F:\Scala Workspace\Beleg3KlassifikationAufgabe\project
[debug]             Load.loadUnit: mkEval took 4.6793ms
[debug] [Loading] Found non-root projects 
[debug] [Loading] Done in F:\Scala Workspace\Beleg3KlassifikationAufgabe\project, returning: ()
[debug] deducing auto plugins based on known facts Set(Atom(sbt.plugins.CorePlugin)) and clauses Clauses(Clause(Atom(sbt.plugins.JvmPlugin),Set(Atom(sbt.plugins.IvyPlugin)))
[debug] Clause(Atom(sbt.ScriptedPlugin),Set(Atom(sbt.plugins.JvmPlugin)))
[debug] Clause(Atom(sbt.plugins.SbtPlugin),Set(Atom(sbt.ScriptedPlugin)))
[debug] Clause(Atom(sbt.plugins.SemanticdbPlugin),Set(Atom(sbt.plugins.JvmPlugin)))
[debug] Clause(Atom(sbt.plugins.JUnitXmlReportPlugin),Set(Atom(sbt.plugins.JvmPlugin)))
[debug] Clause(Atom(sbt.plugins.MiniDependencyTreePlugin),Set(Atom(sbt.plugins.JvmPlugin)))
[debug] Clause(Atom(sbt.plugins.CorePlugin),Set(Atom(sbt.plugins.IvyPlugin)))
[debug] Clause(Atom(sbt.plugins.IvyPlugin),Set(Atom(sbt.plugins.JvmPlugin)))
[debug] Clause(Atom(sbt.plugins.JvmPlugin),Set(Atom(sbt.plugins.SemanticdbPlugin)))
[debug] Clause(Atom(sbt.plugins.JvmPlugin),Set(Atom(sbt.plugins.JUnitXmlReportPlugin)))
[debug] Clause(Atom(sbt.plugins.CorePlugin),Set(Atom(sbt.plugins.Giter8TemplatePlugin)))
[debug] Clause(Atom(sbt.plugins.JvmPlugin),Set(Atom(sbt.plugins.MiniDependencyTreePlugin))))
[debug]   :: deduced result: Matched(sbt.plugins.CorePlugin,sbt.plugins.Giter8TemplatePlugin,sbt.plugins.IvyPlugin,sbt.plugins.JvmPlugin,sbt.plugins.MiniDependencyTreePlugin,sbt.plugins.JUnitXmlReportPlugin,sbt.plugins.SemanticdbPlugin)
[debug] Plugins.deducer#function took 2.262 ms
[info] loading settings for project beleg3klassifikationaufgabe-build from plugins.sbt,idea1.sbt ...
[debug]               Load.resolveProject(beleg3klassifikationaufgabe-build) took 4.1313ms
[debug]             Load.loadTransitive: finalizeProject(Project(id beleg3klassifikationaufgabe-build, base: F:\Scala Workspace\Beleg3KlassifikationAufgabe\project, plugins: List(<none>))) took 7.1005ms
[debug] [Loading] Done in F:\Scala Workspace\Beleg3KlassifikationAufgabe\project, returning: (beleg3klassifikationaufgabe-build)
[debug]           Load.loadUnit: loadedProjectsRaw took 3782.635ms
[debug]           Load.loadUnit: cleanEvalClasses took 7.0773ms
[debug]         Load.loadUnit(file:/F:/Scala%20Workspace/Beleg3KlassifikationAufgabe/project/, ...) took 3824.9728ms
[debug]       Load.apply: load took 3826.9615ms
[debug]       Load.apply: resolveProjects took 0.164ms
[debug]       Load.apply: finalTransforms took 37.145ms
[debug]       Load.apply: config.delegates took 0.5823ms
[debug]       Load.apply: Def.make(settings)... took 127.6427ms
[debug]       Load.apply: structureIndex took 38.3959ms
[debug]       Load.apply: mkStreams took 0.0028ms
[info] loading project definition from F:\Scala Workspace\Beleg3KlassifikationAufgabe\project
[debug] Running task... Cancel: Signal, check cycles: false, forcegc: true
[debug]     Load.loadUnit: plugins took 6935.1152ms
[debug]     Load.loadUnit: defsScala took 0.0032ms
[debug] [Loading] Scanning directory F:\Scala Workspace\Beleg3KlassifikationAufgabe
[debug]       Load.loadUnit: mkEval took 0.8739ms
[debug] [Loading] Found root project root w/ remaining 
[debug] deducing auto plugins based on known facts Set(Atom(sbt.plugins.CorePlugin)) and clauses Clauses(Clause(Atom(sbt.plugins.JvmPlugin),Set(Atom(sbt.plugins.IvyPlugin)))
[debug] Clause(Atom(sbt.ScriptedPlugin),Set(Atom(sbt.plugins.JvmPlugin)))
[debug] Clause(Atom(sbt.plugins.SbtPlugin),Set(Atom(sbt.ScriptedPlugin)))
[debug] Clause(Atom(sbt.plugins.SemanticdbPlugin),Set(Atom(sbt.plugins.JvmPlugin)))
[debug] Clause(Atom(sbt.plugins.JUnitXmlReportPlugin),Set(Atom(sbt.plugins.JvmPlugin)))
[debug] Clause(Atom(sbt.plugins.MiniDependencyTreePlugin),Set(Atom(sbt.plugins.JvmPlugin)))
[debug] Clause(Atom(com.typesafe.sbteclipse.plugin.EclipsePlugin),Set(Atom(sbt.plugins.JvmPlugin)))
[debug] Clause(Atom(org.jetbrains.sbt.StructurePlugin),Set(Atom(sbt.plugins.JvmPlugin)))
[debug] Clause(Atom(org.jetbrains.sbt.IdeaShellPlugin),Set(Atom(sbt.plugins.JvmPlugin)))
[debug] Clause(Atom(org.jetbrains.sbt.indices.SbtIntellijIndicesPlugin),Set(Atom(sbt.plugins.JvmPlugin)))
[debug] Clause(Atom(sbt.plugins.CorePlugin),Set(Atom(sbt.plugins.IvyPlugin)))
[debug] Clause(Atom(sbt.plugins.IvyPlugin),Set(Atom(sbt.plugins.JvmPlugin)))
[debug] Clause(Atom(sbt.plugins.JvmPlugin),Set(Atom(sbt.plugins.SemanticdbPlugin)))
[debug] Clause(Atom(sbt.plugins.JvmPlugin),Set(Atom(sbt.plugins.JUnitXmlReportPlugin)))
[debug] Clause(Atom(sbt.plugins.CorePlugin),Set(Atom(sbt.plugins.Giter8TemplatePlugin)))
[debug] Clause(Atom(sbt.plugins.JvmPlugin),Set(Atom(sbt.plugins.MiniDependencyTreePlugin)))
[debug] Clause(Atom(sbt.plugins.JvmPlugin),Set(Atom(com.typesafe.sbteclipse.plugin.EclipsePlugin)))
[debug] Clause(Atom(sbt.plugins.JvmPlugin),Set(Atom(org.jetbrains.sbt.StructurePlugin)))
[debug] Clause(Atom(sbt.plugins.JvmPlugin),Set(Atom(org.jetbrains.sbt.IdeaShellPlugin)))
[debug] Clause(And(Set(Atom(sbt.plugins.CorePlugin), Atom(sbt.plugins.JvmPlugin))),Set(Atom(org.jetbrains.sbt.indices.SbtIntellijIndicesPlugin))))
[debug]   :: deduced result: Matched(sbt.plugins.CorePlugin,sbt.plugins.Giter8TemplatePlugin,sbt.plugins.IvyPlugin,sbt.plugins.JvmPlugin,com.typesafe.sbteclipse.plugin.EclipsePlugin,sbt.plugins.SemanticdbPlugin,org.jetbrains.sbt.indices.SbtIntellijIndicesPlugin,sbt.plugins.JUnitXmlReportPlugin,org.jetbrains.sbt.IdeaShellPlugin,org.jetbrains.sbt.StructurePlugin,sbt.plugins.MiniDependencyTreePlugin)
[debug] Plugins.deducer#function took 3.428 ms
[info] loading settings for project root from build.sbt ...
[debug]         Load.resolveProject(root) took 58.5043ms
[debug]       Load.loadTransitive: finalizeProject(Project(id root, base: F:\Scala Workspace\Beleg3KlassifikationAufgabe, plugins: List(<none>))) took 64.4088ms
[debug] [Loading] Done in F:\Scala Workspace\Beleg3KlassifikationAufgabe, returning: (root)
[debug]     Load.loadUnit: loadedProjectsRaw took 3151.7282ms
[debug]     Load.loadUnit: cleanEvalClasses took 16.9526ms
[debug]   Load.loadUnit(file:/F:/Scala%20Workspace/Beleg3KlassifikationAufgabe/, ...) took 10104.7667ms
[debug] Load.apply: load took 10106.8862ms
[debug] Load.apply: resolveProjects took 0.1581ms
[debug] Load.apply: finalTransforms took 40.7872ms
[debug] Load.apply: config.delegates took 0.4312ms
[debug] Load.apply: Def.make(settings)... took 129.9646ms
[debug] Load.apply: structureIndex took 30.7628ms
[debug] Load.apply: mkStreams took 0.0035ms
[info] set current project to Klassifikation_Aufgabe (in build file:/F:/Scala%20Workspace/Beleg3KlassifikationAufgabe/)
[debug] > Exec(sbtPopOnFailure, None, None)
[debug] > Exec(resumeFromFailure, None, None)
[debug] > Exec(notifyUsersAboutShell, None, None)
[debug] > Exec(iflast shell, None, None)
[debug] > Exec(; set ideaPort in Global := 62760 ; idea-shell, None, None)
[debug] > Exec(set ideaPort in Global := 62760, None, None)
[info] Defining Global / ideaPort
[info] The new value will be used by Compile / compile, Test / compile
[debug] Defining 
[debug] 	Global / ideaPort
[debug] 
[debug] The new value will be used by 
[debug] 	Compile / compile
[debug] 	Test / compile
[info] Reapplying settings...
[info] set current project to Klassifikation_Aufgabe (in build file:/F:/Scala%20Workspace/Beleg3KlassifikationAufgabe/)
[debug] > Exec(idea-shell, None, None)
